h:\ustc_cg\ustc_cg-master\homeworks\1_minidraw\minidraw\minidraw\x64\debug\uic\ui_minidraw.h
h:\ustc_cg\ustc_cg-master\homeworks\1_minidraw\minidraw\minidraw\x64\debug\uic\ui_viewwidget.h
h:\ustc_cg\ustc_cg-master\homeworks\1_minidraw\minidraw\minidraw\x64\debug\rcc\qrc_minidraw.cpp
h:\ustc_cg\ustc_cg-master\homeworks\1_minidraw\minidraw\minidraw\x64\debug\rcc\qrc_resource.cpp
h:\ustc_cg\ustc_cg-master\homeworks\1_minidraw\minidraw\minidraw\x64\debug\rcc\qrc_viewwidget.cpp
h:\ustc_cg\ustc_cg-master\homeworks\1_minidraw\minidraw\minidraw\x64\debug\moc\moc_minidraw.cpp
h:\ustc_cg\ustc_cg-master\homeworks\1_minidraw\minidraw\minidraw\x64\debug\moc\moc_viewwidget.cpp
h:\ustc_cg\ustc_cg-master\homeworks\1_minidraw\minidraw\minidraw\x64\debug\rect.obj
h:\ustc_cg\ustc_cg-master\homeworks\1_minidraw\minidraw\minidraw\x64\debug\shape.obj
h:\ustc_cg\ustc_cg-master\homeworks\1_minidraw\minidraw\minidraw\x64\debug\ellipse.obj
h:\ustc_cg\ustc_cg-master\homeworks\1_minidraw\minidraw\minidraw\x64\debug\line.obj
h:\ustc_cg\ustc_cg-master\homeworks\1_minidraw\minidraw\minidraw\x64\debug\main.obj
h:\ustc_cg\ustc_cg-master\homeworks\1_minidraw\minidraw\minidraw\x64\debug\minidraw.obj
h:\ustc_cg\ustc_cg-master\homeworks\1_minidraw\minidraw\minidraw\x64\debug\qrc_viewwidget.obj
h:\ustc_cg\ustc_cg-master\homeworks\1_minidraw\minidraw\minidraw\x64\debug\qrc_minidraw.obj
h:\ustc_cg\ustc_cg-master\homeworks\1_minidraw\minidraw\minidraw\x64\debug\moc_viewwidget.obj
h:\ustc_cg\ustc_cg-master\homeworks\1_minidraw\minidraw\minidraw\x64\debug\moc_minidraw.obj
h:\ustc_cg\ustc_cg-master\homeworks\1_minidraw\minidraw\minidraw\x64\debug\vc142.pdb
h:\ustc_cg\ustc_cg-master\homeworks\1_minidraw\minidraw\minidraw\x64\debug\viewwidget.obj
h:\ustc_cg\ustc_cg-master\homeworks\1_minidraw\minidraw\minidraw\x64\debug\qrc_resource.obj
h:\ustc_cg\ustc_cg-master\homeworks\1_minidraw\minidraw\minidraw\x64\debug\mpolygon.obj
h:\ustc_cg\ustc_cg-master\homeworks\1_minidraw\minidraw\x64\debug\minidraw.exe
h:\ustc_cg\ustc_cg-master\homeworks\1_minidraw\minidraw\x64\debug\minidraw.ilk
h:\ustc_cg\ustc_cg-master\homeworks\1_minidraw\minidraw\x64\debug\minidraw.pdb
h:\ustc_cg\ustc_cg-master\homeworks\1_minidraw\minidraw\minidraw\x64\debug\minidraw.tlog\uic.read.1u.tlog
h:\ustc_cg\ustc_cg-master\homeworks\1_minidraw\minidraw\minidraw\x64\debug\minidraw.tlog\rcc.read.1u.tlog
h:\ustc_cg\ustc_cg-master\homeworks\1_minidraw\minidraw\minidraw\x64\debug\minidraw.tlog\moc.read.1u.tlog
h:\ustc_cg\ustc_cg-master\homeworks\1_minidraw\minidraw\minidraw\x64\debug\minidraw.tlog\uic.write.1u.tlog
h:\ustc_cg\ustc_cg-master\homeworks\1_minidraw\minidraw\minidraw\x64\debug\minidraw.tlog\rcc.write.1u.tlog
h:\ustc_cg\ustc_cg-master\homeworks\1_minidraw\minidraw\minidraw\x64\debug\minidraw.tlog\moc.write.1u.tlog
h:\ustc_cg\ustc_cg-master\homeworks\1_minidraw\minidraw\minidraw\x64\debug\minidraw.tlog\minidraw.write.1u.tlog
h:\ustc_cg\ustc_cg-master\homeworks\1_minidraw\minidraw\minidraw\x64\debug\minidraw.tlog\cl.read.1.tlog
h:\ustc_cg\ustc_cg-master\homeworks\1_minidraw\minidraw\minidraw\x64\debug\minidraw.tlog\cl.command.1.tlog
h:\ustc_cg\ustc_cg-master\homeworks\1_minidraw\minidraw\minidraw\x64\debug\minidraw.tlog\cl.write.1.tlog
h:\ustc_cg\ustc_cg-master\homeworks\1_minidraw\minidraw\minidraw\x64\debug\minidraw.tlog\link.read.1.tlog
h:\ustc_cg\ustc_cg-master\homeworks\1_minidraw\minidraw\minidraw\x64\debug\minidraw.tlog\link.write.1.tlog
h:\ustc_cg\ustc_cg-master\homeworks\1_minidraw\minidraw\minidraw\x64\debug\minidraw.tlog\link.command.1.tlog
h:\ustc_cg\ustc_cg-master\homeworks\1_minidraw\minidraw\minidraw\x64\debug\minidraw.tlog\link.36804.delete.1.tlog
h:\ustc_cg\ustc_cg-master\homeworks\1_minidraw\minidraw\minidraw\x64\debug\minidraw.tlog\link.delete.1.tlog
h:\ustc_cg\ustc_cg-master\homeworks\1_minidraw\minidraw\minidraw\x64\debug\minidraw.tlog\link.21928.delete.1.tlog
h:\ustc_cg\ustc_cg-master\homeworks\1_minidraw\minidraw\minidraw\x64\debug\minidraw.tlog\link.45552.delete.1.tlog
